<?xml version="1.0" encoding="UTF-8"?>
<testsuite name="pack.pdt.addressbook.tests.ContactDeletionTests" tests="1" skipped="0" failures="0" errors="0" timestamp="2018-11-11T08:31:19" hostname="Ezhevikinas-MacBook-Pro.local" time="1.006">
  <properties/>
  <testcase name="testContactDeletion" classname="pack.pdt.addressbook.tests.ContactDeletionTests" time="1.006"/>
  <system-out><![CDATA[]]></system-out>
  <system-err><![CDATA[]]></system-err>
</testsuite>
