<?xml version="1.0" encoding="UTF-8"?>
<testsuite name="pack.pdt.addressbook.tests.ContactCreationTests" tests="2" skipped="0" failures="0" errors="0" timestamp="2018-11-11T08:06:13" hostname="Ezhevikinas-MacBook-Pro.local" time="3.987">
  <properties/>
  <testcase name="testCreationContact[0](ContactData{id=2147483647, firstname='Arnold the 0', lastname='His Majesty'})" classname="pack.pdt.addressbook.tests.ContactCreationTests" time="2.067"/>
  <testcase name="testCreationContact[1](ContactData{id=2147483647, firstname='Arnold the 1', lastname='His Majesty'})" classname="pack.pdt.addressbook.tests.ContactCreationTests" time="1.918"/>
  <system-out><![CDATA[]]></system-out>
  <system-err><![CDATA[]]></system-err>
</testsuite>
