<?xml version="1.0" encoding="UTF-8"?>
<testsuite name="pack.pdt.addressbook.tests.ContactModificationTests" tests="2" skipped="0" failures="0" errors="0" timestamp="2018-11-11T01:59:38" hostname="Ezhevikinas-MacBook-Pro.local" time="7.4">
  <properties/>
  <testcase name="testContactEdition" classname="pack.pdt.addressbook.tests.ContactModificationTests" time="3.947"/>
  <testcase name="testContactModification" classname="pack.pdt.addressbook.tests.ContactModificationTests" time="3.436"/>
  <system-out><![CDATA[]]></system-out>
  <system-err><![CDATA[]]></system-err>
</testsuite>
